{"level":"info","message":"successfully login user","timestamp":"2023-02-09T05:14:51.060Z"}
{"level":"error","message":"error login user","timestamp":"2023-02-09T05:14:54.425Z"}
{"level":"info","message":"successfully register user","timestamp":"2023-02-09T05:19:52.616Z"}
{"level":"error","message":"failed register user","timestamp":"2023-02-09T05:19:57.548Z"}
{"level":"info","message":"successfully login user","timestamp":"2023-02-09T05:20:05.868Z"}
{"level":"error","message":"error login user","timestamp":"2023-02-09T05:20:09.635Z"}
{"level":"info","message":"successfully login user","timestamp":"2023-02-09T05:20:16.478Z"}
{"level":"error","message":"failed create new book","timestamp":"2023-02-09T05:20:28.846Z"}
{"level":"info","message":"successfully create new book","timestamp":"2023-02-09T05:20:36.238Z"}
{"level":"error","message":"wrong username or password","timestamp":"2023-02-09T05:22:47.554Z"}
{"level":"info","message":"Logged in user","timestamp":"2023-02-09T05:22:58.441Z"}
{"level":"error","message":"Cannot read properties of undefined (reading 'success')","timestamp":"2023-02-09T05:48:56.175Z"}
{"level":"info","message":"successfully create new book","timestamp":"2023-02-09T05:49:08.182Z"}
{"level":"error","message":"Book already registered","timestamp":"2023-02-09T05:51:56.353Z"}
{"level":"info","message":"successfully create new book","timestamp":"2023-02-09T05:51:59.402Z"}
{"level":"info","message":"successfully create new book","timestamp":"2023-02-09T05:52:53.666Z"}
{"level":"info","message":"successfully create new book","timestamp":"2023-02-09T05:52:58.488Z"}
{"level":"info","message":"successfully create new book","timestamp":"2023-02-09T05:53:03.510Z"}
{"level":"error","message":"Book already registered","timestamp":"2023-02-09T05:53:40.010Z"}
{"level":"info","message":"successfully create new book","timestamp":"2023-02-09T05:53:42.807Z"}
{"level":"error","message":"Book already registered","timestamp":"2023-02-09T06:04:25.220Z"}
{"level":"info","message":"successfully create new book","timestamp":"2023-02-09T06:04:29.149Z"}
{"level":"info","message":"successfully create new book","timestamp":"2023-02-09T06:05:59.984Z"}
{"level":"info","message":"successfully create new book","timestamp":"2023-02-09T06:06:24.203Z"}
{"level":"info","message":"successfully create new book","timestamp":"2023-02-09T06:06:47.383Z"}
{"level":"error","message":"Cannot read properties of undefined (reading 'success')","timestamp":"2023-02-09T06:06:59.798Z"}
{"level":"info","message":"successfully create new book","timestamp":"2023-02-09T06:07:17.171Z"}
{"level":"info","message":"successfully create new book","timestamp":"2023-02-09T06:07:32.341Z"}
{"level":"info","message":"successfully create new book","timestamp":"2023-02-09T06:09:07.067Z"}
{"level":"info","message":"successfully create new book","timestamp":"2023-02-09T06:09:38.452Z"}
{"level":"info","message":"successfully create new book","timestamp":"2023-02-09T06:11:16.935Z"}
{"level":"info","message":"successfully create new book","timestamp":"2023-02-09T06:12:09.318Z"}
{"level":"info","message":"successfully create new book","timestamp":"2023-02-09T06:13:36.379Z"}
{"level":"info","message":"successfully create new book","timestamp":"2023-02-09T06:13:40.912Z"}
{"level":"info","message":"successfully create new book","timestamp":"2023-02-09T06:13:46.663Z"}
{"level":"info","message":"successfully create new book","timestamp":"2023-02-09T06:13:50.507Z"}
{"level":"info","message":"successfully create new book","timestamp":"2023-02-09T06:13:54.232Z"}
{"level":"info","message":"successfully create new book","timestamp":"2023-02-09T06:13:57.836Z"}
{"level":"info","message":"successfully create new book","timestamp":"2023-02-09T06:14:02.094Z"}
{"level":"info","message":"successfully create new book","timestamp":"2023-02-09T06:14:03.206Z"}
{"level":"info","message":"successfully create new book","timestamp":"2023-02-09T06:14:03.628Z"}
{"level":"info","message":"successfully create new book","timestamp":"2023-02-09T06:14:03.999Z"}
{"level":"info","message":"successfully create new book","timestamp":"2023-02-09T06:14:04.446Z"}
{"level":"info","message":"successfully create new book","timestamp":"2023-02-09T06:14:04.800Z"}
{"level":"info","message":"successfully create new book","timestamp":"2023-02-09T06:14:05.133Z"}
{"level":"info","message":"successfully create new book","timestamp":"2023-02-09T06:14:06.428Z"}
{"level":"info","message":"successfully create new book","timestamp":"2023-02-09T06:14:06.896Z"}
{"level":"info","message":"successfully create new book","timestamp":"2023-02-09T06:14:07.304Z"}
{"level":"info","message":"successfully create new book","timestamp":"2023-02-09T06:14:07.694Z"}
{"level":"info","message":"successfully create new book","timestamp":"2023-02-09T06:14:31.544Z"}
{"level":"info","message":"successfully create new book","timestamp":"2023-02-09T06:14:31.862Z"}
{"level":"info","message":"successfully create new book","timestamp":"2023-02-09T06:14:32.287Z"}
{"level":"info","message":"successfully create new book","timestamp":"2023-02-09T06:14:32.709Z"}
{"level":"info","message":"successfully create new book","timestamp":"2023-02-09T06:14:33.131Z"}
{"level":"info","message":"successfully create new book","timestamp":"2023-02-09T06:14:33.545Z"}
{"level":"info","message":"successfully create new book","timestamp":"2023-02-09T06:14:33.944Z"}
{"level":"info","message":"successfully create new book","timestamp":"2023-02-09T06:14:34.354Z"}
{"level":"info","message":"successfully create new book","timestamp":"2023-02-09T06:14:34.776Z"}
{"level":"info","message":"successfully create new book","timestamp":"2023-02-09T06:14:35.130Z"}
{"level":"info","message":"successfully create new book","timestamp":"2023-02-09T06:14:35.527Z"}
{"level":"info","message":"successfully create new book","timestamp":"2023-02-09T06:14:35.951Z"}
{"level":"info","message":"successfully create new book","timestamp":"2023-02-09T06:14:36.361Z"}
{"level":"info","message":"successfully create new book","timestamp":"2023-02-09T06:14:36.795Z"}
{"level":"info","message":"successfully create new book","timestamp":"2023-02-09T06:14:37.184Z"}
{"level":"info","message":"successfully create new book","timestamp":"2023-02-09T06:14:37.520Z"}
{"level":"info","message":"successfully create new book","timestamp":"2023-02-09T06:14:37.869Z"}
{"level":"info","message":"successfully create new book","timestamp":"2023-02-09T06:14:38.251Z"}
{"level":"info","message":"successfully create new book","timestamp":"2023-02-09T06:14:38.623Z"}
{"level":"info","message":"successfully create new book","timestamp":"2023-02-09T06:14:39.011Z"}
{"level":"info","message":"successfully create new book","timestamp":"2023-02-09T06:14:39.377Z"}
{"level":"info","message":"successfully create new book","timestamp":"2023-02-09T06:14:39.787Z"}
{"level":"info","message":"successfully create new book","timestamp":"2023-02-09T06:14:40.137Z"}
{"level":"info","message":"successfully create new book","timestamp":"2023-02-09T06:14:40.527Z"}
{"level":"info","message":"successfully create new book","timestamp":"2023-02-09T06:14:40.944Z"}
{"level":"info","message":"successfully create new book","timestamp":"2023-02-09T06:14:41.311Z"}
{"level":"info","message":"successfully create new book","timestamp":"2023-02-09T06:14:41.743Z"}
{"level":"info","message":"successfully create new book","timestamp":"2023-02-09T06:14:42.117Z"}
{"level":"info","message":"successfully create new book","timestamp":"2023-02-09T06:14:42.492Z"}
{"level":"info","message":"successfully create new book","timestamp":"2023-02-09T06:14:42.836Z"}
{"level":"info","message":"successfully create new book","timestamp":"2023-02-09T06:14:43.216Z"}
{"level":"info","message":"successfully create new book","timestamp":"2023-02-09T06:14:43.587Z"}
{"level":"info","message":"successfully create new book","timestamp":"2023-02-09T06:15:20.239Z"}
{"level":"info","message":"successfully create new book","timestamp":"2023-02-09T06:15:21.194Z"}
{"level":"info","message":"successfully create new book","timestamp":"2023-02-09T06:15:22.127Z"}
{"level":"info","message":"successfully create new book","timestamp":"2023-02-09T06:15:22.915Z"}
{"level":"info","message":"successfully create new book","timestamp":"2023-02-09T06:15:23.612Z"}
{"level":"info","message":"successfully create new book","timestamp":"2023-02-09T06:15:24.334Z"}
{"level":"info","message":"successfully create new book","timestamp":"2023-02-09T06:15:25.225Z"}
{"level":"info","message":"successfully create new book","timestamp":"2023-02-09T06:15:25.952Z"}
{"level":"info","message":"successfully create new book","timestamp":"2023-02-09T06:15:26.756Z"}
{"level":"info","message":"successfully create new book","timestamp":"2023-02-09T06:15:27.552Z"}
{"level":"info","message":"successfully create new book","timestamp":"2023-02-09T06:15:28.282Z"}
{"level":"info","message":"successfully create new book","timestamp":"2023-02-09T06:15:28.997Z"}
{"level":"info","message":"successfully create new book","timestamp":"2023-02-09T06:15:29.784Z"}
{"level":"info","message":"successfully create new book","timestamp":"2023-02-09T06:15:30.562Z"}
{"level":"info","message":"successfully create new book","timestamp":"2023-02-09T06:15:31.245Z"}
{"level":"info","message":"successfully create new book","timestamp":"2023-02-09T06:15:32.002Z"}
{"level":"info","message":"successfully create new book","timestamp":"2023-02-09T06:15:32.758Z"}
{"level":"info","message":"successfully create new book","timestamp":"2023-02-09T06:15:33.483Z"}
{"level":"info","message":"successfully create new book","timestamp":"2023-02-09T06:15:45.420Z"}
{"level":"info","message":"successfully create new book","timestamp":"2023-02-09T06:16:50.062Z"}
{"level":"info","message":"successfully create new book","timestamp":"2023-02-09T06:17:06.606Z"}
{"level":"info","message":"successfully create new book","timestamp":"2023-02-09T06:17:13.412Z"}
{"level":"info","message":"successfully create new book","timestamp":"2023-02-09T06:17:35.578Z"}
{"level":"info","message":"successfully create new book","timestamp":"2023-02-09T06:18:06.940Z"}
{"level":"info","message":"successfully create new book","timestamp":"2023-02-09T06:18:20.001Z"}
{"level":"info","message":"successfully create new book","timestamp":"2023-02-09T06:18:36.049Z"}
{"level":"info","message":"successfully create new book","timestamp":"2023-02-09T06:18:40.112Z"}
{"level":"info","message":"successfully create new book","timestamp":"2023-02-09T06:18:45.582Z"}
{"level":"info","message":"successfully create new book","timestamp":"2023-02-09T06:18:46.373Z"}
{"level":"info","message":"successfully create new book","timestamp":"2023-02-09T06:18:46.989Z"}
{"level":"info","message":"successfully create new book","timestamp":"2023-02-09T06:18:47.559Z"}
{"level":"info","message":"successfully create new book","timestamp":"2023-02-09T06:18:48.082Z"}
{"level":"info","message":"successfully create new book","timestamp":"2023-02-09T06:18:48.580Z"}
{"level":"info","message":"successfully create new book","timestamp":"2023-02-09T06:18:49.612Z"}
{"level":"info","message":"successfully create new book","timestamp":"2023-02-09T06:18:50.064Z"}
{"level":"info","message":"successfully create new book","timestamp":"2023-02-09T06:18:50.517Z"}
{"level":"info","message":"successfully create new book","timestamp":"2023-02-09T06:18:50.950Z"}
{"level":"info","message":"successfully create new book","timestamp":"2023-02-09T06:20:06.194Z"}
{"level":"info","message":"successfully create new book","timestamp":"2023-02-09T06:20:06.875Z"}
{"level":"info","message":"successfully create new book","timestamp":"2023-02-09T06:20:07.415Z"}
{"level":"info","message":"successfully create new book","timestamp":"2023-02-09T06:20:07.968Z"}
{"level":"info","message":"successfully create new book","timestamp":"2023-02-09T06:20:08.501Z"}
{"level":"info","message":"successfully create new book","timestamp":"2023-02-09T06:20:08.988Z"}
{"level":"info","message":"successfully create new book","timestamp":"2023-02-09T06:20:09.509Z"}
{"level":"info","message":"successfully create new book","timestamp":"2023-02-09T06:20:09.945Z"}
{"level":"info","message":"successfully create new book","timestamp":"2023-02-09T06:20:10.436Z"}
{"level":"info","message":"successfully create new book","timestamp":"2023-02-09T06:20:35.741Z"}
{"level":"info","message":"successfully create new book","timestamp":"2023-02-09T06:20:36.056Z"}
{"level":"info","message":"successfully create new book","timestamp":"2023-02-09T06:20:36.663Z"}
{"level":"info","message":"successfully create new book","timestamp":"2023-02-09T06:20:37.313Z"}
{"level":"info","message":"successfully create new book","timestamp":"2023-02-09T06:20:37.670Z"}
{"level":"info","message":"successfully create new book","timestamp":"2023-02-09T06:20:38.074Z"}
{"level":"info","message":"successfully create new book","timestamp":"2023-02-09T06:20:38.426Z"}
{"level":"info","message":"successfully create new book","timestamp":"2023-02-09T06:20:38.781Z"}
{"level":"info","message":"successfully create new book","timestamp":"2023-02-09T06:20:39.475Z"}
{"level":"info","message":"successfully create new book","timestamp":"2023-02-09T06:20:39.871Z"}
{"level":"info","message":"successfully create new book","timestamp":"2023-02-09T06:20:40.260Z"}
{"level":"info","message":"successfully create new book","timestamp":"2023-02-09T06:20:40.628Z"}
{"level":"info","message":"successfully create new book","timestamp":"2023-02-09T06:20:41.001Z"}
{"level":"info","message":"successfully create new book","timestamp":"2023-02-09T06:20:41.347Z"}
{"level":"info","message":"successfully create new book","timestamp":"2023-02-09T06:20:41.755Z"}
{"level":"info","message":"successfully create new book","timestamp":"2023-02-09T06:20:42.110Z"}
{"level":"info","message":"successfully create new book","timestamp":"2023-02-09T06:20:42.446Z"}
{"level":"info","message":"successfully create new book","timestamp":"2023-02-09T06:20:42.828Z"}
{"level":"info","message":"successfully create new book","timestamp":"2023-02-09T06:20:43.148Z"}
{"level":"info","message":"successfully create new book","timestamp":"2023-02-09T06:20:43.542Z"}
{"level":"info","message":"successfully create new book","timestamp":"2023-02-09T06:20:43.887Z"}
{"level":"info","message":"successfully create new book","timestamp":"2023-02-09T06:20:44.248Z"}
{"level":"info","message":"successfully create new book","timestamp":"2023-02-09T06:20:44.580Z"}
{"level":"info","message":"successfully create new book","timestamp":"2023-02-09T06:20:44.944Z"}
{"level":"info","message":"successfully create new book","timestamp":"2023-02-09T06:20:45.282Z"}
{"level":"info","message":"successfully create new book","timestamp":"2023-02-09T06:20:45.631Z"}
{"level":"info","message":"successfully create new book","timestamp":"2023-02-09T06:20:45.958Z"}
{"level":"info","message":"successfully create new book","timestamp":"2023-02-09T06:20:46.343Z"}
{"level":"info","message":"successfully create new book","timestamp":"2023-02-09T06:20:46.685Z"}
{"level":"info","message":"successfully create new book","timestamp":"2023-02-09T06:20:47.007Z"}
{"level":"info","message":"successfully create new book","timestamp":"2023-02-09T06:20:47.380Z"}
{"level":"info","message":"successfully create new book","timestamp":"2023-02-09T06:21:03.815Z"}
{"level":"info","message":"successfully create new book","timestamp":"2023-02-09T06:21:16.617Z"}
{"level":"info","message":"successfully create new book","timestamp":"2023-02-09T06:21:20.446Z"}
{"level":"info","message":"successfully create new book","timestamp":"2023-02-09T06:21:25.846Z"}
{"level":"info","message":"successfully create new book","timestamp":"2023-02-09T06:21:26.509Z"}
{"level":"info","message":"successfully create new book","timestamp":"2023-02-09T06:21:27.017Z"}
{"level":"info","message":"successfully create new book","timestamp":"2023-02-09T06:21:27.446Z"}
{"level":"info","message":"successfully create new book","timestamp":"2023-02-09T06:21:27.861Z"}
{"level":"info","message":"successfully create new book","timestamp":"2023-02-09T06:21:28.293Z"}
{"level":"info","message":"successfully create new book","timestamp":"2023-02-09T06:21:28.699Z"}
{"level":"info","message":"successfully create new book","timestamp":"2023-02-09T06:21:29.138Z"}
{"level":"info","message":"successfully create new book","timestamp":"2023-02-09T06:21:29.565Z"}
{"level":"info","message":"successfully create new book","timestamp":"2023-02-09T06:21:30.057Z"}
{"level":"info","message":"successfully create new book","timestamp":"2023-02-09T06:21:30.505Z"}
{"level":"info","message":"successfully create new book","timestamp":"2023-02-09T06:21:30.974Z"}
{"level":"info","message":"successfully create new book","timestamp":"2023-02-09T06:21:53.915Z"}
{"level":"info","message":"successfully create new book","timestamp":"2023-02-09T06:22:42.977Z"}
{"level":"info","message":"successfully create new book","timestamp":"2023-02-09T06:23:16.357Z"}
{"level":"info","message":"successfully create new book","timestamp":"2023-02-09T06:23:24.403Z"}
{"level":"info","message":"successfully create new book","timestamp":"2023-02-09T06:23:25.011Z"}
{"level":"info","message":"successfully create new book","timestamp":"2023-02-09T06:23:25.482Z"}
{"level":"info","message":"successfully create new book","timestamp":"2023-02-09T06:23:25.941Z"}
{"level":"info","message":"successfully create new book","timestamp":"2023-02-09T06:23:26.387Z"}
{"level":"info","message":"successfully create new book","timestamp":"2023-02-09T06:23:26.804Z"}
{"level":"info","message":"successfully create new book","timestamp":"2023-02-09T06:23:27.244Z"}
{"level":"info","message":"successfully create new book","timestamp":"2023-02-09T06:23:27.651Z"}
{"level":"info","message":"successfully create new book","timestamp":"2023-02-09T06:23:28.057Z"}
{"level":"info","message":"successfully create new book","timestamp":"2023-02-09T06:23:28.470Z"}
{"level":"info","message":"successfully create new book","timestamp":"2023-02-09T06:23:28.930Z"}
{"level":"info","message":"successfully create new book","timestamp":"2023-02-09T06:23:29.334Z"}
{"level":"error","message":"Book already registered","timestamp":"2023-02-09T06:24:23.710Z"}
{"level":"info","message":"successfully create new book","timestamp":"2023-02-09T06:24:27.126Z"}
{"level":"info","message":"successfully create new book","timestamp":"2023-02-09T06:24:32.089Z"}
{"level":"info","message":"successfully create new book","timestamp":"2023-02-09T06:24:35.965Z"}
{"level":"info","message":"successfully create new book","timestamp":"2023-02-09T06:24:39.171Z"}
{"level":"info","message":"successfully create new book","timestamp":"2023-02-09T06:24:41.951Z"}
{"level":"info","message":"successfully create new book","timestamp":"2023-02-09T06:24:45.750Z"}
{"level":"info","message":"successfully create new book","timestamp":"2023-02-09T06:24:49.273Z"}
{"level":"info","message":"successfully create new book","timestamp":"2023-02-09T06:24:54.359Z"}
